Hmm ... looks like a package

This is pdfTeX, Version 3.14159265-2.6-1.40.19 (TeX Live 2019/dev/Debian) (preloaded format=pdflatex)
 restricted \write18 enabled.
entering extended mode
LaTeX2e <2018-04-01> patch level 5
(./Rd2.tex
(/usr/share/texlive/texmf-dist/tex/latex/base/book.cls
Document Class: book 2014/09/29 v1.4h Standard LaTeX document class
(/usr/share/texlive/texmf-dist/tex/latex/base/bk10.clo))
(/usr/share/R/share/texmf/tex/latex/Rd.sty
(/usr/share/texlive/texmf-dist/tex/latex/base/ifthen.sty)
(/usr/share/texlive/texmf-dist/tex/latex/tools/longtable.sty)
(/usr/share/texlive/texmf-dist/tex/latex/tools/bm.sty)
(/usr/share/texlive/texmf-dist/tex/latex/base/alltt.sty)
(/usr/share/texlive/texmf-dist/tex/latex/tools/verbatim.sty)
(/usr/share/texlive/texmf-dist/tex/latex/url/url.sty)
(/usr/share/texlive/texmf-dist/tex/latex/base/textcomp.sty
(/usr/share/texlive/texmf-dist/tex/latex/base/ts1enc.def
(/usr/share/texlive/texmf-dist/tex/latex/base/ts1enc.dfu)))
(/usr/share/texlive/texmf-dist/tex/latex/base/fontenc.sty
(/usr/share/texlive/texmf-dist/tex/latex/base/t1enc.def))
(/usr/share/texlive/texmf-dist/tex/latex/psnfss/times.sty)
(/usr/share/texlive/texmf-dist/tex/latex/inconsolata/zi4.sty
`inconsolata-zi4' v1.112, 2017/01/04 Text macros for Inconsolata (msharpe)
(/usr/share/texlive/texmf-dist/tex/latex/xkeyval/xkeyval.sty
(/usr/share/texlive/texmf-dist/tex/generic/xkeyval/xkeyval.tex
(/usr/share/texlive/texmf-dist/tex/generic/xkeyval/xkvutils.tex
(/usr/share/texlive/texmf-dist/tex/generic/xkeyval/keyval.tex)))))
(/usr/share/texlive/texmf-dist/tex/latex/graphics/color.sty
(/usr/share/texlive/texmf-dist/tex/latex/graphics-cfg/color.cfg)
(/usr/share/texlive/texmf-dist/tex/latex/graphics-def/pdftex.def))
(/usr/share/texlive/texmf-dist/tex/latex/hyperref/hyperref.sty
(/usr/share/texlive/texmf-dist/tex/generic/oberdiek/hobsub-hyperref.sty
(/usr/share/texlive/texmf-dist/tex/generic/oberdiek/hobsub-generic.sty))
(/usr/share/texlive/texmf-dist/tex/generic/ifxetex/ifxetex.sty)
(/usr/share/texlive/texmf-dist/tex/latex/oberdiek/auxhook.sty)
(/usr/share/texlive/texmf-dist/tex/latex/oberdiek/kvoptions.sty)
(/usr/share/texlive/texmf-dist/tex/latex/hyperref/pd1enc.def)
(/usr/share/texlive/texmf-dist/tex/latex/latexconfig/hyperref.cfg))
(/usr/share/texlive/texmf-dist/tex/latex/hyperref/hpdftex.def
(/usr/share/texlive/texmf-dist/tex/latex/oberdiek/rerunfilecheck.sty))

Package hyperref Warning: Option `hyperindex' has already been used,
(hyperref)                setting the option has no effect on input line 377.


Package hyperref Warning: Option `pagebackref' has already been used,
(hyperref)                setting the option has no effect on input line 377.

) (/usr/share/texlive/texmf-dist/tex/latex/base/makeidx.sty)
(/usr/share/texlive/texmf-dist/tex/latex/base/inputenc.sty)
Writing index file Rd2.idx
No file Rd2.aux.
(/usr/share/texlive/texmf-dist/tex/latex/base/ts1cmr.fd)
(/usr/share/texlive/texmf-dist/tex/latex/psnfss/t1ptm.fd)
(/usr/share/texlive/texmf-dist/tex/context/base/mkii/supp-pdf.mkii
[Loading MPS to PDF converter (version 2006.09.02).]
) (/usr/share/texlive/texmf-dist/tex/latex/hyperref/nameref.sty
(/usr/share/texlive/texmf-dist/tex/generic/oberdiek/gettitlestring.sty))
(/usr/share/texlive/texmf-dist/tex/latex/inconsolata/t1zi4.fd)
(/usr/share/texlive/texmf-dist/tex/latex/psnfss/t1phv.fd) [1{/var/lib/texmf/fon
ts/map/pdftex/updmap/pdftex.map}]
Overfull \hbox (28.10059pt too wide) in paragraph at lines 106--106
 []\T1/zi4/m/n/10 costWasserMatchingEllipse(test.cytometry, training.cytometrie
s, equal.weights = FALSE)[] 
[2] [3]
Overfull \hbox (11.24715pt too wide) in paragraph at lines 249--249
 []\T1/zi4/m/n/9 distGaussianMean(list(mean = c(-1,-1), cov = diag(1,2)), list(
mean = c(1,1), cov = diag(1,2)))[] 
[4]
Overfull \hbox (9.78088pt too wide) in paragraph at lines 293--293
 []\T1/zi4/m/n/9 x=rbind(matrix(rnorm(100),ncol=2),matrix(rnorm(100)+2,ncol=2),
matrix(rnorm(100)+4,ncol=2))[] 
[5] [6]
Overfull \hbox (9.78088pt too wide) in paragraph at lines 389--389
 []\T1/zi4/m/n/9 x=rbind(matrix(rnorm(100),ncol=2),matrix(rnorm(100)+2,ncol=2),
matrix(rnorm(100)+4,ncol=2))[] 
[7] [8] (/usr/share/texlive/texmf-dist/tex/latex/inconsolata/ts1zi4.fd)
[9]
Overfull \hbox (8.27782pt too wide) in paragraph at lines 578--578
 []\T1/zi4/m/n/9 f1ScoreVoting(classification.optimalFlow$cluster.vote, classif
ication.optimalFlow$cluster,[] 

Overfull \hbox (17.25021pt too wide) in paragraph at lines 580--580
 []\T1/zi4/m/n/9 c("Monocytes", "CD4+CD8-", "Mature SIg Kappa", "TCRgd-"), noma
tch = 0)>0),], 1.01, noise.types)[] 
[10]
Overfull \hbox (9.78088pt too wide) in paragraph at lines 629--629
 []\T1/zi4/m/n/9 x=rbind(matrix(rnorm(100),ncol=2),matrix(rnorm(100)+2,ncol=2),
matrix(rnorm(100)+4,ncol=2))[] 
[11] [12]
Overfull \hbox (9.78088pt too wide) in paragraph at lines 768--768
 []\T1/zi4/m/n/9 x=rbind(matrix(rnorm(100),ncol=2),matrix(rnorm(100)+2,ncol=2),
matrix(rnorm(100)+4,ncol=2))[] 
[13]
Overfull \hbox (36.43051pt too wide) in paragraph at lines 843--843
 []\T1/zi4/m/n/10 labelTransfer(training.cytometry, test.cytometry, test.partit
ion, equal.weights = FALSE)[] 
[14] [15] [16] [17]
Overfull \hbox (9.76248pt too wide) in paragraph at lines 1020--1020
 []\T1/zi4/m/n/9 which(match(Cytometry1$\TS1/zi4/m/n/9 `\T1/zi4/m/n/9 Populatio
n ID (name)\TS1/zi4/m/n/9 `\T1/zi4/m/n/9 ,c("Monocytes", "CD4+CD8-", "Mature SI
g Kappa",[] 

Overfull \hbox (4.76044pt too wide) in paragraph at lines 1040--1040
 []\T1/zi4/m/n/10 optimalFlowTemplates(database, database.names = NULL, cov.est
imation = "standard",[] 
[18]
Overfull \hbox (0.69714pt too wide) in paragraph at lines 1074--1075
[]\T1/ptm/m/n/10 A list of the con-sen-sus clus-ter-ings for ev-ery group in th
e par-ti-tion of the database. 
[19] [20]
Overfull \hbox (9.78088pt too wide) in paragraph at lines 1201--1201
 []\T1/zi4/m/n/9 x=rbind(matrix(rnorm(100),ncol=2),matrix(rnorm(100)+2,ncol=2),
matrix(rnorm(100)+4,ncol=2))[] 
[21] [22]
Overfull \hbox (9.78088pt too wide) in paragraph at lines 1312--1312
 []\T1/zi4/m/n/9 x=rbind(matrix(rnorm(100),ncol=2),matrix(rnorm(100)+2,ncol=2),
matrix(rnorm(100)+4,ncol=2))[] 
[23] [24] [25]
Overfull \hbox (9.78088pt too wide) in paragraph at lines 1470--1470
 []\T1/zi4/m/n/9 x=rbind(matrix(rnorm(100),ncol=2),matrix(rnorm(100)+2,ncol=2),
matrix(rnorm(100)+4,ncol=2))[] 
[26]
Overfull \hbox (4.67677pt too wide) in paragraph at lines 1526--1527
[]\T1/ptm/m/n/10 A log-i-cal value, spec-i-fy-ing whether equal clus-ter weight
s (TRUE) or not (FALSE)
[27]
Overfull \hbox (18.85782pt too wide) in paragraph at lines 1564--1565
\T1/ptm/m/n/10 sup-pressed by store.x = FALSE, k, al-pha, re-str.fact, nstart, 
KStep, and equal.weights). 
[28]
Overfull \hbox (9.78088pt too wide) in paragraph at lines 1644--1644
 []\T1/zi4/m/n/9 x=rbind(matrix(rnorm(100),ncol=2),matrix(rnorm(100)+2,ncol=2),
matrix(rnorm(100)+4,ncol=2))[] 
[29] [30] [31]
Overfull \hbox (16.47667pt too wide) in paragraph at lines 1803--1804
\T1/ptm/m/n/10 con-senus.method in c("hierarchical", "k-barycenter") and clas-s
if.method = "match-ing" and cost.function
[32] [33] [34]
Overfull \hbox (8.08014pt too wide) in paragraph at lines 2008--2008
 []\T1/zi4/m/n/10 wassersteinKBarycenter(i = 1, k, alpha = 0, initialization = 
"rnd", pooled.clusters)[] 
[35]
No file Rd2.ind.
[36] (/tmp/Rtmpn6bop5/Rd2pdf3b3221e50250/Rd2.aux)

Package rerunfilecheck Warning: File `Rd2.out' has changed.
(rerunfilecheck)                Rerun to get outlines right
(rerunfilecheck)                or use package `bookmark'.

 )
(see the transcript file for additional information){/usr/share/texlive/texmf-d
ist/fonts/enc/dvips/inconsolata/i4-ts1.enc}{/usr/share/texlive/texmf-dist/fonts
/enc/dvips/base/8r.enc}{/usr/share/texlive/texmf-dist/fonts/enc/dvips/inconsola
ta/i4-t1-0.enc}</usr/share/texlive/texmf-dist/fonts/type1/public/inconsolata/In
consolata-zi4r.pfb></usr/share/texlive/texmf-dist/fonts/type1/urw/helvetic/uhvr
8a.pfb></usr/share/texlive/texmf-dist/fonts/type1/urw/times/utmb8a.pfb></usr/sh
are/texlive/texmf-dist/fonts/type1/urw/times/utmr8a.pfb></usr/share/texlive/tex
mf-dist/fonts/type1/urw/times/utmr8a.pfb></usr/share/texlive/texmf-dist/fonts/t
ype1/urw/times/utmri8a.pfb>
Output written on Rd2.pdf (36 pages, 145732 bytes).
Transcript written on Rd2.log.
This is pdfTeX, Version 3.14159265-2.6-1.40.19 (TeX Live 2019/dev/Debian) (preloaded format=pdflatex)
 restricted \write18 enabled.
entering extended mode
LaTeX2e <2018-04-01> patch level 5
(./Rd2.tex
(/usr/share/texlive/texmf-dist/tex/latex/base/book.cls
Document Class: book 2014/09/29 v1.4h Standard LaTeX document class
(/usr/share/texlive/texmf-dist/tex/latex/base/bk10.clo))
(/usr/share/R/share/texmf/tex/latex/Rd.sty
(/usr/share/texlive/texmf-dist/tex/latex/base/ifthen.sty)
(/usr/share/texlive/texmf-dist/tex/latex/tools/longtable.sty)
(/usr/share/texlive/texmf-dist/tex/latex/tools/bm.sty)
(/usr/share/texlive/texmf-dist/tex/latex/base/alltt.sty)
(/usr/share/texlive/texmf-dist/tex/latex/tools/verbatim.sty)
(/usr/share/texlive/texmf-dist/tex/latex/url/url.sty)
(/usr/share/texlive/texmf-dist/tex/latex/base/textcomp.sty
(/usr/share/texlive/texmf-dist/tex/latex/base/ts1enc.def
(/usr/share/texlive/texmf-dist/tex/latex/base/ts1enc.dfu)))
(/usr/share/texlive/texmf-dist/tex/latex/base/fontenc.sty
(/usr/share/texlive/texmf-dist/tex/latex/base/t1enc.def))
(/usr/share/texlive/texmf-dist/tex/latex/psnfss/times.sty)
(/usr/share/texlive/texmf-dist/tex/latex/inconsolata/zi4.sty
`inconsolata-zi4' v1.112, 2017/01/04 Text macros for Inconsolata (msharpe)
(/usr/share/texlive/texmf-dist/tex/latex/xkeyval/xkeyval.sty
(/usr/share/texlive/texmf-dist/tex/generic/xkeyval/xkeyval.tex
(/usr/share/texlive/texmf-dist/tex/generic/xkeyval/xkvutils.tex
(/usr/share/texlive/texmf-dist/tex/generic/xkeyval/keyval.tex)))))
(/usr/share/texlive/texmf-dist/tex/latex/graphics/color.sty
(/usr/share/texlive/texmf-dist/tex/latex/graphics-cfg/color.cfg)
(/usr/share/texlive/texmf-dist/tex/latex/graphics-def/pdftex.def))
(/usr/share/texlive/texmf-dist/tex/latex/hyperref/hyperref.sty
(/usr/share/texlive/texmf-dist/tex/generic/oberdiek/hobsub-hyperref.sty
(/usr/share/texlive/texmf-dist/tex/generic/oberdiek/hobsub-generic.sty))
(/usr/share/texlive/texmf-dist/tex/generic/ifxetex/ifxetex.sty)
(/usr/share/texlive/texmf-dist/tex/latex/oberdiek/auxhook.sty)
(/usr/share/texlive/texmf-dist/tex/latex/oberdiek/kvoptions.sty)
(/usr/share/texlive/texmf-dist/tex/latex/hyperref/pd1enc.def)
(/usr/share/texlive/texmf-dist/tex/latex/latexconfig/hyperref.cfg))
(/usr/share/texlive/texmf-dist/tex/latex/hyperref/hpdftex.def
(/usr/share/texlive/texmf-dist/tex/latex/oberdiek/rerunfilecheck.sty))

Package hyperref Warning: Option `hyperindex' has already been used,
(hyperref)                setting the option has no effect on input line 377.


Package hyperref Warning: Option `pagebackref' has already been used,
(hyperref)                setting the option has no effect on input line 377.

) (/usr/share/texlive/texmf-dist/tex/latex/base/makeidx.sty)
(/usr/share/texlive/texmf-dist/tex/latex/base/inputenc.sty)
Writing index file Rd2.idx
(/tmp/Rtmpn6bop5/Rd2pdf3b3221e50250/Rd2.aux)
(/usr/share/texlive/texmf-dist/tex/latex/base/ts1cmr.fd)
(/usr/share/texlive/texmf-dist/tex/latex/psnfss/t1ptm.fd)
(/usr/share/texlive/texmf-dist/tex/context/base/mkii/supp-pdf.mkii
[Loading MPS to PDF converter (version 2006.09.02).]
) (/usr/share/texlive/texmf-dist/tex/latex/hyperref/nameref.sty
(/usr/share/texlive/texmf-dist/tex/generic/oberdiek/gettitlestring.sty))
(/tmp/Rtmpn6bop5/Rd2pdf3b3221e50250/Rd2.out)
(/tmp/Rtmpn6bop5/Rd2pdf3b3221e50250/Rd2.out)
(/usr/share/texlive/texmf-dist/tex/latex/inconsolata/t1zi4.fd)
(/usr/share/texlive/texmf-dist/tex/latex/psnfss/t1phv.fd)
(/tmp/Rtmpn6bop5/Rd2pdf3b3221e50250/Rd2.toc [1{/var/lib/texmf/fonts/map/pdftex/
updmap/pdftex.map}]) [2]
Overfull \hbox (28.10059pt too wide) in paragraph at lines 106--106
 []\T1/zi4/m/n/10 costWasserMatchingEllipse(test.cytometry, training.cytometrie
s, equal.weights = FALSE)[] 
[3] [4]
Overfull \hbox (11.24715pt too wide) in paragraph at lines 249--249
 []\T1/zi4/m/n/9 distGaussianMean(list(mean = c(-1,-1), cov = diag(1,2)), list(
mean = c(1,1), cov = diag(1,2)))[] 
[5]
Overfull \hbox (9.78088pt too wide) in paragraph at lines 293--293
 []\T1/zi4/m/n/9 x=rbind(matrix(rnorm(100),ncol=2),matrix(rnorm(100)+2,ncol=2),
matrix(rnorm(100)+4,ncol=2))[] 
[6]
Overfull \hbox (9.78088pt too wide) in paragraph at lines 389--389
 []\T1/zi4/m/n/9 x=rbind(matrix(rnorm(100),ncol=2),matrix(rnorm(100)+2,ncol=2),
matrix(rnorm(100)+4,ncol=2))[] 
[7] [8] [9] (/usr/share/texlive/texmf-dist/tex/latex/inconsolata/ts1zi4.fd)
[10]
Overfull \hbox (8.27782pt too wide) in paragraph at lines 578--578
 []\T1/zi4/m/n/9 f1ScoreVoting(classification.optimalFlow$cluster.vote, classif
ication.optimalFlow$cluster,[] 

Overfull \hbox (17.25021pt too wide) in paragraph at lines 580--580
 []\T1/zi4/m/n/9 c("Monocytes", "CD4+CD8-", "Mature SIg Kappa", "TCRgd-"), noma
tch = 0)>0),], 1.01, noise.types)[] 
[11]
Overfull \hbox (9.78088pt too wide) in paragraph at lines 629--629
 []\T1/zi4/m/n/9 x=rbind(matrix(rnorm(100),ncol=2),matrix(rnorm(100)+2,ncol=2),
matrix(rnorm(100)+4,ncol=2))[] 
[12] [13]
Overfull \hbox (9.78088pt too wide) in paragraph at lines 768--768
 []\T1/zi4/m/n/9 x=rbind(matrix(rnorm(100),ncol=2),matrix(rnorm(100)+2,ncol=2),
matrix(rnorm(100)+4,ncol=2))[] 
[14]
Overfull \hbox (36.43051pt too wide) in paragraph at lines 843--843
 []\T1/zi4/m/n/10 labelTransfer(training.cytometry, test.cytometry, test.partit
ion, equal.weights = FALSE)[] 
[15] [16] [17] [18]
Overfull \hbox (9.76248pt too wide) in paragraph at lines 1020--1020
 []\T1/zi4/m/n/9 which(match(Cytometry1$\TS1/zi4/m/n/9 `\T1/zi4/m/n/9 Populatio
n ID (name)\TS1/zi4/m/n/9 `\T1/zi4/m/n/9 ,c("Monocytes", "CD4+CD8-", "Mature SI
g Kappa",[] 

Overfull \hbox (4.76044pt too wide) in paragraph at lines 1040--1040
 []\T1/zi4/m/n/10 optimalFlowTemplates(database, database.names = NULL, cov.est
imation = "standard",[] 
[19]
Overfull \hbox (0.69714pt too wide) in paragraph at lines 1074--1075
[]\T1/ptm/m/n/10 A list of the con-sen-sus clus-ter-ings for ev-ery group in th
e par-ti-tion of the database. 
[20] [21]
Overfull \hbox (9.78088pt too wide) in paragraph at lines 1201--1201
 []\T1/zi4/m/n/9 x=rbind(matrix(rnorm(100),ncol=2),matrix(rnorm(100)+2,ncol=2),
matrix(rnorm(100)+4,ncol=2))[] 
[22] [23]
Overfull \hbox (9.78088pt too wide) in paragraph at lines 1312--1312
 []\T1/zi4/m/n/9 x=rbind(matrix(rnorm(100),ncol=2),matrix(rnorm(100)+2,ncol=2),
matrix(rnorm(100)+4,ncol=2))[] 
[24] [25] [26]
Overfull \hbox (9.78088pt too wide) in paragraph at lines 1470--1470
 []\T1/zi4/m/n/9 x=rbind(matrix(rnorm(100),ncol=2),matrix(rnorm(100)+2,ncol=2),
matrix(rnorm(100)+4,ncol=2))[] 
[27]
Overfull \hbox (4.67677pt too wide) in paragraph at lines 1526--1527
[]\T1/ptm/m/n/10 A log-i-cal value, spec-i-fy-ing whether equal clus-ter weight
s (TRUE) or not (FALSE)
[28]
Overfull \hbox (18.85782pt too wide) in paragraph at lines 1564--1565
\T1/ptm/m/n/10 sup-pressed by store.x = FALSE, k, al-pha, re-str.fact, nstart, 
KStep, and equal.weights). 
[29]
Overfull \hbox (9.78088pt too wide) in paragraph at lines 1644--1644
 []\T1/zi4/m/n/9 x=rbind(matrix(rnorm(100),ncol=2),matrix(rnorm(100)+2,ncol=2),
matrix(rnorm(100)+4,ncol=2))[] 
[30] [31] [32]
Overfull \hbox (16.47667pt too wide) in paragraph at lines 1803--1804
\T1/ptm/m/n/10 con-senus.method in c("hierarchical", "k-barycenter") and clas-s
if.method = "match-ing" and cost.function
[33] [34] [35]
Overfull \hbox (8.08014pt too wide) in paragraph at lines 2008--2008
 []\T1/zi4/m/n/10 wassersteinKBarycenter(i = 1, k, alpha = 0, initialization = 
"rnd", pooled.clusters)[] 
[36]
No file Rd2.ind.
[37] (/tmp/Rtmpn6bop5/Rd2pdf3b3221e50250/Rd2.aux) )
(see the transcript file for additional information){/usr/share/texlive/texmf-d
ist/fonts/enc/dvips/inconsolata/i4-ts1.enc}{/usr/share/texlive/texmf-dist/fonts
/enc/dvips/base/8r.enc}{/usr/share/texlive/texmf-dist/fonts/enc/dvips/inconsola
ta/i4-t1-0.enc}</usr/share/texlive/texmf-dist/fonts/type1/public/inconsolata/In
consolata-zi4r.pfb></usr/share/texlive/texmf-dist/fonts/type1/urw/helvetic/uhvr
8a.pfb></usr/share/texlive/texmf-dist/fonts/type1/urw/times/utmb8a.pfb></usr/sh
are/texlive/texmf-dist/fonts/type1/urw/times/utmr8a.pfb></usr/share/texlive/tex
mf-dist/fonts/type1/urw/times/utmr8a.pfb></usr/share/texlive/texmf-dist/fonts/t
ype1/urw/times/utmri8a.pfb>
Output written on Rd2.pdf (37 pages, 150383 bytes).
Transcript written on Rd2.log.
This is makeindex, version 2.15 [TeX Live 2019/dev] (kpathsea + Thai support).
Scanning input file Rd2.idx....done (36 entries accepted, 0 rejected).
Sorting entries....done (166 comparisons).
Generating output file Rd2.ind....done (82 lines written, 0 warnings).
Output written in Rd2.ind.
Transcript written in Rd2.ilg.
This is pdfTeX, Version 3.14159265-2.6-1.40.19 (TeX Live 2019/dev/Debian) (preloaded format=pdflatex)
 restricted \write18 enabled.
entering extended mode
LaTeX2e <2018-04-01> patch level 5
(./Rd2.tex
(/usr/share/texlive/texmf-dist/tex/latex/base/book.cls
Document Class: book 2014/09/29 v1.4h Standard LaTeX document class
(/usr/share/texlive/texmf-dist/tex/latex/base/bk10.clo))
(/usr/share/R/share/texmf/tex/latex/Rd.sty
(/usr/share/texlive/texmf-dist/tex/latex/base/ifthen.sty)
(/usr/share/texlive/texmf-dist/tex/latex/tools/longtable.sty)
(/usr/share/texlive/texmf-dist/tex/latex/tools/bm.sty)
(/usr/share/texlive/texmf-dist/tex/latex/base/alltt.sty)
(/usr/share/texlive/texmf-dist/tex/latex/tools/verbatim.sty)
(/usr/share/texlive/texmf-dist/tex/latex/url/url.sty)
(/usr/share/texlive/texmf-dist/tex/latex/base/textcomp.sty
(/usr/share/texlive/texmf-dist/tex/latex/base/ts1enc.def
(/usr/share/texlive/texmf-dist/tex/latex/base/ts1enc.dfu)))
(/usr/share/texlive/texmf-dist/tex/latex/base/fontenc.sty
(/usr/share/texlive/texmf-dist/tex/latex/base/t1enc.def))
(/usr/share/texlive/texmf-dist/tex/latex/psnfss/times.sty)
(/usr/share/texlive/texmf-dist/tex/latex/inconsolata/zi4.sty
`inconsolata-zi4' v1.112, 2017/01/04 Text macros for Inconsolata (msharpe)
(/usr/share/texlive/texmf-dist/tex/latex/xkeyval/xkeyval.sty
(/usr/share/texlive/texmf-dist/tex/generic/xkeyval/xkeyval.tex
(/usr/share/texlive/texmf-dist/tex/generic/xkeyval/xkvutils.tex
(/usr/share/texlive/texmf-dist/tex/generic/xkeyval/keyval.tex)))))
(/usr/share/texlive/texmf-dist/tex/latex/graphics/color.sty
(/usr/share/texlive/texmf-dist/tex/latex/graphics-cfg/color.cfg)
(/usr/share/texlive/texmf-dist/tex/latex/graphics-def/pdftex.def))
(/usr/share/texlive/texmf-dist/tex/latex/hyperref/hyperref.sty
(/usr/share/texlive/texmf-dist/tex/generic/oberdiek/hobsub-hyperref.sty
(/usr/share/texlive/texmf-dist/tex/generic/oberdiek/hobsub-generic.sty))
(/usr/share/texlive/texmf-dist/tex/generic/ifxetex/ifxetex.sty)
(/usr/share/texlive/texmf-dist/tex/latex/oberdiek/auxhook.sty)
(/usr/share/texlive/texmf-dist/tex/latex/oberdiek/kvoptions.sty)
(/usr/share/texlive/texmf-dist/tex/latex/hyperref/pd1enc.def)
(/usr/share/texlive/texmf-dist/tex/latex/latexconfig/hyperref.cfg))
(/usr/share/texlive/texmf-dist/tex/latex/hyperref/hpdftex.def
(/usr/share/texlive/texmf-dist/tex/latex/oberdiek/rerunfilecheck.sty))

Package hyperref Warning: Option `hyperindex' has already been used,
(hyperref)                setting the option has no effect on input line 377.


Package hyperref Warning: Option `pagebackref' has already been used,
(hyperref)                setting the option has no effect on input line 377.

) (/usr/share/texlive/texmf-dist/tex/latex/base/makeidx.sty)
(/usr/share/texlive/texmf-dist/tex/latex/base/inputenc.sty)
Writing index file Rd2.idx
(/tmp/Rtmpn6bop5/Rd2pdf3b3221e50250/Rd2.aux)
(/usr/share/texlive/texmf-dist/tex/latex/base/ts1cmr.fd)
(/usr/share/texlive/texmf-dist/tex/latex/psnfss/t1ptm.fd)
(/usr/share/texlive/texmf-dist/tex/context/base/mkii/supp-pdf.mkii
[Loading MPS to PDF converter (version 2006.09.02).]
) (/usr/share/texlive/texmf-dist/tex/latex/hyperref/nameref.sty
(/usr/share/texlive/texmf-dist/tex/generic/oberdiek/gettitlestring.sty))
(/tmp/Rtmpn6bop5/Rd2pdf3b3221e50250/Rd2.out)
(/tmp/Rtmpn6bop5/Rd2pdf3b3221e50250/Rd2.out)
(/usr/share/texlive/texmf-dist/tex/latex/inconsolata/t1zi4.fd)
(/usr/share/texlive/texmf-dist/tex/latex/psnfss/t1phv.fd)
(/tmp/Rtmpn6bop5/Rd2pdf3b3221e50250/Rd2.toc [1{/var/lib/texmf/fonts/map/pdftex/
updmap/pdftex.map}]) [2]
Overfull \hbox (28.10059pt too wide) in paragraph at lines 106--106
 []\T1/zi4/m/n/10 costWasserMatchingEllipse(test.cytometry, training.cytometrie
s, equal.weights = FALSE)[] 
[3] [4]
Overfull \hbox (11.24715pt too wide) in paragraph at lines 249--249
 []\T1/zi4/m/n/9 distGaussianMean(list(mean = c(-1,-1), cov = diag(1,2)), list(
mean = c(1,1), cov = diag(1,2)))[] 
[5]
Overfull \hbox (9.78088pt too wide) in paragraph at lines 293--293
 []\T1/zi4/m/n/9 x=rbind(matrix(rnorm(100),ncol=2),matrix(rnorm(100)+2,ncol=2),
matrix(rnorm(100)+4,ncol=2))[] 
[6]
Overfull \hbox (9.78088pt too wide) in paragraph at lines 389--389
 []\T1/zi4/m/n/9 x=rbind(matrix(rnorm(100),ncol=2),matrix(rnorm(100)+2,ncol=2),
matrix(rnorm(100)+4,ncol=2))[] 
[7] [8] [9] (/usr/share/texlive/texmf-dist/tex/latex/inconsolata/ts1zi4.fd)
[10]
Overfull \hbox (8.27782pt too wide) in paragraph at lines 578--578
 []\T1/zi4/m/n/9 f1ScoreVoting(classification.optimalFlow$cluster.vote, classif
ication.optimalFlow$cluster,[] 

Overfull \hbox (17.25021pt too wide) in paragraph at lines 580--580
 []\T1/zi4/m/n/9 c("Monocytes", "CD4+CD8-", "Mature SIg Kappa", "TCRgd-"), noma
tch = 0)>0),], 1.01, noise.types)[] 
[11]
Overfull \hbox (9.78088pt too wide) in paragraph at lines 629--629
 []\T1/zi4/m/n/9 x=rbind(matrix(rnorm(100),ncol=2),matrix(rnorm(100)+2,ncol=2),
matrix(rnorm(100)+4,ncol=2))[] 
[12] [13]
Overfull \hbox (9.78088pt too wide) in paragraph at lines 768--768
 []\T1/zi4/m/n/9 x=rbind(matrix(rnorm(100),ncol=2),matrix(rnorm(100)+2,ncol=2),
matrix(rnorm(100)+4,ncol=2))[] 
[14]
Overfull \hbox (36.43051pt too wide) in paragraph at lines 843--843
 []\T1/zi4/m/n/10 labelTransfer(training.cytometry, test.cytometry, test.partit
ion, equal.weights = FALSE)[] 
[15] [16] [17] [18]
Overfull \hbox (9.76248pt too wide) in paragraph at lines 1020--1020
 []\T1/zi4/m/n/9 which(match(Cytometry1$\TS1/zi4/m/n/9 `\T1/zi4/m/n/9 Populatio
n ID (name)\TS1/zi4/m/n/9 `\T1/zi4/m/n/9 ,c("Monocytes", "CD4+CD8-", "Mature SI
g Kappa",[] 

Overfull \hbox (4.76044pt too wide) in paragraph at lines 1040--1040
 []\T1/zi4/m/n/10 optimalFlowTemplates(database, database.names = NULL, cov.est
imation = "standard",[] 
[19]
Overfull \hbox (0.69714pt too wide) in paragraph at lines 1074--1075
[]\T1/ptm/m/n/10 A list of the con-sen-sus clus-ter-ings for ev-ery group in th
e par-ti-tion of the database. 
[20] [21]
Overfull \hbox (9.78088pt too wide) in paragraph at lines 1201--1201
 []\T1/zi4/m/n/9 x=rbind(matrix(rnorm(100),ncol=2),matrix(rnorm(100)+2,ncol=2),
matrix(rnorm(100)+4,ncol=2))[] 
[22] [23]
Overfull \hbox (9.78088pt too wide) in paragraph at lines 1312--1312
 []\T1/zi4/m/n/9 x=rbind(matrix(rnorm(100),ncol=2),matrix(rnorm(100)+2,ncol=2),
matrix(rnorm(100)+4,ncol=2))[] 
[24] [25] [26]
Overfull \hbox (9.78088pt too wide) in paragraph at lines 1470--1470
 []\T1/zi4/m/n/9 x=rbind(matrix(rnorm(100),ncol=2),matrix(rnorm(100)+2,ncol=2),
matrix(rnorm(100)+4,ncol=2))[] 
[27]
Overfull \hbox (4.67677pt too wide) in paragraph at lines 1526--1527
[]\T1/ptm/m/n/10 A log-i-cal value, spec-i-fy-ing whether equal clus-ter weight
s (TRUE) or not (FALSE)
[28]
Overfull \hbox (18.85782pt too wide) in paragraph at lines 1564--1565
\T1/ptm/m/n/10 sup-pressed by store.x = FALSE, k, al-pha, re-str.fact, nstart, 
KStep, and equal.weights). 
[29]
Overfull \hbox (9.78088pt too wide) in paragraph at lines 1644--1644
 []\T1/zi4/m/n/9 x=rbind(matrix(rnorm(100),ncol=2),matrix(rnorm(100)+2,ncol=2),
matrix(rnorm(100)+4,ncol=2))[] 
[30] [31] [32]
Overfull \hbox (16.47667pt too wide) in paragraph at lines 1803--1804
\T1/ptm/m/n/10 con-senus.method in c("hierarchical", "k-barycenter") and clas-s
if.method = "match-ing" and cost.function
[33] [34] [35]
Overfull \hbox (8.08014pt too wide) in paragraph at lines 2008--2008
 []\T1/zi4/m/n/10 wassersteinKBarycenter(i = 1, k, alpha = 0, initialization = 
"rnd", pooled.clusters)[] 
[36] (/tmp/Rtmpn6bop5/Rd2pdf3b3221e50250/Rd2.ind [37] [38])
(/tmp/Rtmpn6bop5/Rd2pdf3b3221e50250/Rd2.aux)

Package rerunfilecheck Warning: File `Rd2.out' has changed.
(rerunfilecheck)                Rerun to get outlines right
(rerunfilecheck)                or use package `bookmark'.

 )
(see the transcript file for additional information){/usr/share/texlive/texmf-d
ist/fonts/enc/dvips/inconsolata/i4-ts1.enc}{/usr/share/texlive/texmf-dist/fonts
/enc/dvips/base/8r.enc}{/usr/share/texlive/texmf-dist/fonts/enc/dvips/inconsola
ta/i4-t1-0.enc}</usr/share/texlive/texmf-dist/fonts/type1/public/inconsolata/In
consolata-zi4r.pfb></usr/share/texlive/texmf-dist/fonts/type1/urw/helvetic/uhvr
8a.pfb></usr/share/texlive/texmf-dist/fonts/type1/urw/times/utmb8a.pfb></usr/sh
are/texlive/texmf-dist/fonts/type1/urw/times/utmr8a.pfb></usr/share/texlive/tex
mf-dist/fonts/type1/urw/times/utmr8a.pfb></usr/share/texlive/texmf-dist/fonts/t
ype1/urw/times/utmri8a.pfb>
Output written on Rd2.pdf (38 pages, 152605 bytes).
Transcript written on Rd2.log.
This is makeindex, version 2.15 [TeX Live 2019/dev] (kpathsea + Thai support).
Scanning input file Rd2.idx....done (36 entries accepted, 0 rejected).
Sorting entries....done (166 comparisons).
Generating output file Rd2.ind....done (82 lines written, 0 warnings).
Output written in Rd2.ind.
Transcript written in Rd2.ilg.
This is pdfTeX, Version 3.14159265-2.6-1.40.19 (TeX Live 2019/dev/Debian) (preloaded format=pdflatex)
 restricted \write18 enabled.
entering extended mode
LaTeX2e <2018-04-01> patch level 5
(./Rd2.tex
(/usr/share/texlive/texmf-dist/tex/latex/base/book.cls
Document Class: book 2014/09/29 v1.4h Standard LaTeX document class
(/usr/share/texlive/texmf-dist/tex/latex/base/bk10.clo))
(/usr/share/R/share/texmf/tex/latex/Rd.sty
(/usr/share/texlive/texmf-dist/tex/latex/base/ifthen.sty)
(/usr/share/texlive/texmf-dist/tex/latex/tools/longtable.sty)
(/usr/share/texlive/texmf-dist/tex/latex/tools/bm.sty)
(/usr/share/texlive/texmf-dist/tex/latex/base/alltt.sty)
(/usr/share/texlive/texmf-dist/tex/latex/tools/verbatim.sty)
(/usr/share/texlive/texmf-dist/tex/latex/url/url.sty)
(/usr/share/texlive/texmf-dist/tex/latex/base/textcomp.sty
(/usr/share/texlive/texmf-dist/tex/latex/base/ts1enc.def
(/usr/share/texlive/texmf-dist/tex/latex/base/ts1enc.dfu)))
(/usr/share/texlive/texmf-dist/tex/latex/base/fontenc.sty
(/usr/share/texlive/texmf-dist/tex/latex/base/t1enc.def))
(/usr/share/texlive/texmf-dist/tex/latex/psnfss/times.sty)
(/usr/share/texlive/texmf-dist/tex/latex/inconsolata/zi4.sty
`inconsolata-zi4' v1.112, 2017/01/04 Text macros for Inconsolata (msharpe)
(/usr/share/texlive/texmf-dist/tex/latex/xkeyval/xkeyval.sty
(/usr/share/texlive/texmf-dist/tex/generic/xkeyval/xkeyval.tex
(/usr/share/texlive/texmf-dist/tex/generic/xkeyval/xkvutils.tex
(/usr/share/texlive/texmf-dist/tex/generic/xkeyval/keyval.tex)))))
(/usr/share/texlive/texmf-dist/tex/latex/graphics/color.sty
(/usr/share/texlive/texmf-dist/tex/latex/graphics-cfg/color.cfg)
(/usr/share/texlive/texmf-dist/tex/latex/graphics-def/pdftex.def))
(/usr/share/texlive/texmf-dist/tex/latex/hyperref/hyperref.sty
(/usr/share/texlive/texmf-dist/tex/generic/oberdiek/hobsub-hyperref.sty
(/usr/share/texlive/texmf-dist/tex/generic/oberdiek/hobsub-generic.sty))
(/usr/share/texlive/texmf-dist/tex/generic/ifxetex/ifxetex.sty)
(/usr/share/texlive/texmf-dist/tex/latex/oberdiek/auxhook.sty)
(/usr/share/texlive/texmf-dist/tex/latex/oberdiek/kvoptions.sty)
(/usr/share/texlive/texmf-dist/tex/latex/hyperref/pd1enc.def)
(/usr/share/texlive/texmf-dist/tex/latex/latexconfig/hyperref.cfg))
(/usr/share/texlive/texmf-dist/tex/latex/hyperref/hpdftex.def
(/usr/share/texlive/texmf-dist/tex/latex/oberdiek/rerunfilecheck.sty))

Package hyperref Warning: Option `hyperindex' has already been used,
(hyperref)                setting the option has no effect on input line 377.


Package hyperref Warning: Option `pagebackref' has already been used,
(hyperref)                setting the option has no effect on input line 377.

) (/usr/share/texlive/texmf-dist/tex/latex/base/makeidx.sty)
(/usr/share/texlive/texmf-dist/tex/latex/base/inputenc.sty)
Writing index file Rd2.idx
(/tmp/Rtmpn6bop5/Rd2pdf3b3221e50250/Rd2.aux)
(/usr/share/texlive/texmf-dist/tex/latex/base/ts1cmr.fd)
(/usr/share/texlive/texmf-dist/tex/latex/psnfss/t1ptm.fd)
(/usr/share/texlive/texmf-dist/tex/context/base/mkii/supp-pdf.mkii
[Loading MPS to PDF converter (version 2006.09.02).]
) (/usr/share/texlive/texmf-dist/tex/latex/hyperref/nameref.sty
(/usr/share/texlive/texmf-dist/tex/generic/oberdiek/gettitlestring.sty))
(/tmp/Rtmpn6bop5/Rd2pdf3b3221e50250/Rd2.out)
(/tmp/Rtmpn6bop5/Rd2pdf3b3221e50250/Rd2.out)
(/usr/share/texlive/texmf-dist/tex/latex/inconsolata/t1zi4.fd)
(/usr/share/texlive/texmf-dist/tex/latex/psnfss/t1phv.fd)
(/tmp/Rtmpn6bop5/Rd2pdf3b3221e50250/Rd2.toc [1{/var/lib/texmf/fonts/map/pdftex/
updmap/pdftex.map}]) [2]
Overfull \hbox (28.10059pt too wide) in paragraph at lines 106--106
 []\T1/zi4/m/n/10 costWasserMatchingEllipse(test.cytometry, training.cytometrie
s, equal.weights = FALSE)[] 
[3] [4]
Overfull \hbox (11.24715pt too wide) in paragraph at lines 249--249
 []\T1/zi4/m/n/9 distGaussianMean(list(mean = c(-1,-1), cov = diag(1,2)), list(
mean = c(1,1), cov = diag(1,2)))[] 
[5]
Overfull \hbox (9.78088pt too wide) in paragraph at lines 293--293
 []\T1/zi4/m/n/9 x=rbind(matrix(rnorm(100),ncol=2),matrix(rnorm(100)+2,ncol=2),
matrix(rnorm(100)+4,ncol=2))[] 
[6]
Overfull \hbox (9.78088pt too wide) in paragraph at lines 389--389
 []\T1/zi4/m/n/9 x=rbind(matrix(rnorm(100),ncol=2),matrix(rnorm(100)+2,ncol=2),
matrix(rnorm(100)+4,ncol=2))[] 
[7] [8] [9] (/usr/share/texlive/texmf-dist/tex/latex/inconsolata/ts1zi4.fd)
[10]
Overfull \hbox (8.27782pt too wide) in paragraph at lines 578--578
 []\T1/zi4/m/n/9 f1ScoreVoting(classification.optimalFlow$cluster.vote, classif
ication.optimalFlow$cluster,[] 

Overfull \hbox (17.25021pt too wide) in paragraph at lines 580--580
 []\T1/zi4/m/n/9 c("Monocytes", "CD4+CD8-", "Mature SIg Kappa", "TCRgd-"), noma
tch = 0)>0),], 1.01, noise.types)[] 
[11]
Overfull \hbox (9.78088pt too wide) in paragraph at lines 629--629
 []\T1/zi4/m/n/9 x=rbind(matrix(rnorm(100),ncol=2),matrix(rnorm(100)+2,ncol=2),
matrix(rnorm(100)+4,ncol=2))[] 
[12] [13]
Overfull \hbox (9.78088pt too wide) in paragraph at lines 768--768
 []\T1/zi4/m/n/9 x=rbind(matrix(rnorm(100),ncol=2),matrix(rnorm(100)+2,ncol=2),
matrix(rnorm(100)+4,ncol=2))[] 
[14]
Overfull \hbox (36.43051pt too wide) in paragraph at lines 843--843
 []\T1/zi4/m/n/10 labelTransfer(training.cytometry, test.cytometry, test.partit
ion, equal.weights = FALSE)[] 
[15] [16] [17] [18]
Overfull \hbox (9.76248pt too wide) in paragraph at lines 1020--1020
 []\T1/zi4/m/n/9 which(match(Cytometry1$\TS1/zi4/m/n/9 `\T1/zi4/m/n/9 Populatio
n ID (name)\TS1/zi4/m/n/9 `\T1/zi4/m/n/9 ,c("Monocytes", "CD4+CD8-", "Mature SI
g Kappa",[] 

Overfull \hbox (4.76044pt too wide) in paragraph at lines 1040--1040
 []\T1/zi4/m/n/10 optimalFlowTemplates(database, database.names = NULL, cov.est
imation = "standard",[] 
[19]
Overfull \hbox (0.69714pt too wide) in paragraph at lines 1074--1075
[]\T1/ptm/m/n/10 A list of the con-sen-sus clus-ter-ings for ev-ery group in th
e par-ti-tion of the database. 
[20] [21]
Overfull \hbox (9.78088pt too wide) in paragraph at lines 1201--1201
 []\T1/zi4/m/n/9 x=rbind(matrix(rnorm(100),ncol=2),matrix(rnorm(100)+2,ncol=2),
matrix(rnorm(100)+4,ncol=2))[] 
[22] [23]
Overfull \hbox (9.78088pt too wide) in paragraph at lines 1312--1312
 []\T1/zi4/m/n/9 x=rbind(matrix(rnorm(100),ncol=2),matrix(rnorm(100)+2,ncol=2),
matrix(rnorm(100)+4,ncol=2))[] 
[24] [25] [26]
Overfull \hbox (9.78088pt too wide) in paragraph at lines 1470--1470
 []\T1/zi4/m/n/9 x=rbind(matrix(rnorm(100),ncol=2),matrix(rnorm(100)+2,ncol=2),
matrix(rnorm(100)+4,ncol=2))[] 
[27]
Overfull \hbox (4.67677pt too wide) in paragraph at lines 1526--1527
[]\T1/ptm/m/n/10 A log-i-cal value, spec-i-fy-ing whether equal clus-ter weight
s (TRUE) or not (FALSE)
[28]
Overfull \hbox (18.85782pt too wide) in paragraph at lines 1564--1565
\T1/ptm/m/n/10 sup-pressed by store.x = FALSE, k, al-pha, re-str.fact, nstart, 
KStep, and equal.weights). 
[29]
Overfull \hbox (9.78088pt too wide) in paragraph at lines 1644--1644
 []\T1/zi4/m/n/9 x=rbind(matrix(rnorm(100),ncol=2),matrix(rnorm(100)+2,ncol=2),
matrix(rnorm(100)+4,ncol=2))[] 
[30] [31] [32]
Overfull \hbox (16.47667pt too wide) in paragraph at lines 1803--1804
\T1/ptm/m/n/10 con-senus.method in c("hierarchical", "k-barycenter") and clas-s
if.method = "match-ing" and cost.function
[33] [34] [35]
Overfull \hbox (8.08014pt too wide) in paragraph at lines 2008--2008
 []\T1/zi4/m/n/10 wassersteinKBarycenter(i = 1, k, alpha = 0, initialization = 
"rnd", pooled.clusters)[] 
[36] (/tmp/Rtmpn6bop5/Rd2pdf3b3221e50250/Rd2.ind [37] [38])
(/tmp/Rtmpn6bop5/Rd2pdf3b3221e50250/Rd2.aux) )
(see the transcript file for additional information){/usr/share/texlive/texmf-d
ist/fonts/enc/dvips/inconsolata/i4-ts1.enc}{/usr/share/texlive/texmf-dist/fonts
/enc/dvips/base/8r.enc}{/usr/share/texlive/texmf-dist/fonts/enc/dvips/inconsola
ta/i4-t1-0.enc}</usr/share/texlive/texmf-dist/fonts/type1/public/inconsolata/In
consolata-zi4r.pfb></usr/share/texlive/texmf-dist/fonts/type1/urw/helvetic/uhvr
8a.pfb></usr/share/texlive/texmf-dist/fonts/type1/urw/times/utmb8a.pfb></usr/sh
are/texlive/texmf-dist/fonts/type1/urw/times/utmr8a.pfb></usr/share/texlive/tex
mf-dist/fonts/type1/urw/times/utmr8a.pfb></usr/share/texlive/texmf-dist/fonts/t
ype1/urw/times/utmri8a.pfb>
Output written on Rd2.pdf (38 pages, 153529 bytes).
Transcript written on Rd2.log.
Saving output to ‘optimalFlow-manual.pdf’ ...
Done
You may want to clean up by 'rm -Rf /tmp/Rtmpn6bop5/Rd2pdf3b3221e50250'
